<?xml version="1.0" encoding="UTF-8"?>
<testng-results ignored="0" total="0" passed="0" failed="0" skipped="0">
  <reporter-output>
  </reporter-output>
  <suite started-at="2022-07-25T14:56:03 EEST" name="service.GameResultsTest" finished-at="2022-07-25T14:56:03 EEST" duration-ms="26">
    <groups>
    </groups>
    <test started-at="2022-07-25T14:56:03 EEST" name="Command line test" finished-at="2022-07-25T14:56:03 EEST" duration-ms="26">
    </test> <!-- Command line test -->
  </suite> <!-- service.GameResultsTest -->
</testng-results>
